2021-01-04 16:22:32,235 INFO org.springframework.boot.StartupInfoLogger [main] Starting MedicalFileApplication using Java 1.8.0_271 on PC-OUSSEMA with PID 289095 (/home/oussema/Documents/medical-file/target/classes started by oussema in /home/oussema/Documents/medical-file)
2021-01-04 16:22:32,246 DEBUG org.springframework.boot.StartupInfoLogger [main] Running with Spring Boot v2.4.1, Spring v5.3.2
2021-01-04 16:22:32,247 INFO org.springframework.boot.SpringApplication [main] No active profile set, falling back to default profiles: default
2021-01-04 16:22:36,964 INFO org.springframework.boot.StartupInfoLogger [main] Started MedicalFileApplication in 5.252 seconds (JVM running for 6.06)
2021-01-04 16:23:35,550 INFO org.springframework.boot.StartupInfoLogger [main] Starting MedicalFileApplication using Java 1.8.0_271 on PC-OUSSEMA with PID 289364 (/home/oussema/Documents/medical-file/target/classes started by oussema in /home/oussema/Documents/medical-file)
2021-01-04 16:23:35,554 DEBUG org.springframework.boot.StartupInfoLogger [main] Running with Spring Boot v2.4.1, Spring v5.3.2
2021-01-04 16:23:35,555 INFO org.springframework.boot.SpringApplication [main] No active profile set, falling back to default profiles: default
2021-01-04 16:23:40,987 INFO org.springframework.boot.StartupInfoLogger [main] Started MedicalFileApplication in 5.856 seconds (JVM running for 6.638)
2021-01-04 16:24:10,830 DEBUG tn.iit.medicalfile.controller.PatientController [http-nio-9192-exec-1] Adding new Patient tn.iit.medicalfile.dto.PatientDto@1b7cc144
2021-01-04 16:24:32,653 DEBUG tn.iit.medicalfile.controller.PatientController [http-nio-9192-exec-2] Adding new Patient tn.iit.medicalfile.dto.PatientDto@22dbc8e7
2021-01-04 16:26:15,237 DEBUG tn.iit.medicalfile.controller.FileController [http-nio-9192-exec-4] Getting all files
2021-01-04 16:27:01,859 DEBUG tn.iit.medicalfile.controller.FileController [http-nio-9192-exec-5] Getting File 1
2021-01-04 16:27:01,878 DEBUG tn.iit.medicalfile.service.MedicalTreatmentService [http-nio-9192-exec-5] Getting All medicalTreatment By File id 1
2021-01-04 16:27:01,898 DEBUG tn.iit.medicalfile.service.StoreManagementClientService [http-nio-9192-exec-5] Getting medicines with ids []
2021-01-04 16:29:15,986 INFO org.springframework.boot.StartupInfoLogger [main] Starting MedicalFileApplication using Java 1.8.0_271 on PC-OUSSEMA with PID 290241 (/home/oussema/Documents/medical-file/target/classes started by oussema in /home/oussema/Documents/medical-file)
2021-01-04 16:29:15,990 DEBUG org.springframework.boot.StartupInfoLogger [main] Running with Spring Boot v2.4.1, Spring v5.3.2
2021-01-04 16:29:15,992 INFO org.springframework.boot.SpringApplication [main] No active profile set, falling back to default profiles: default
2021-01-04 16:29:20,963 INFO org.springframework.boot.StartupInfoLogger [main] Started MedicalFileApplication in 5.358 seconds (JVM running for 6.023)
2021-01-04 16:29:50,001 INFO org.springframework.boot.StartupInfoLogger [main] Starting MedicalFileApplication using Java 1.8.0_271 on PC-OUSSEMA with PID 290467 (/home/oussema/Documents/medical-file/target/classes started by oussema in /home/oussema/Documents/medical-file)
2021-01-04 16:29:50,004 DEBUG org.springframework.boot.StartupInfoLogger [main] Running with Spring Boot v2.4.1, Spring v5.3.2
2021-01-04 16:29:50,004 INFO org.springframework.boot.SpringApplication [main] No active profile set, falling back to default profiles: default
2021-01-04 16:29:54,553 INFO org.springframework.boot.StartupInfoLogger [main] Started MedicalFileApplication in 4.961 seconds (JVM running for 5.661)
2021-01-04 16:30:26,641 DEBUG tn.iit.medicalfile.controller.PatientController [http-nio-9192-exec-1] Adding new Patient tn.iit.medicalfile.dto.PatientDto@7bab49e9
2021-01-04 16:30:43,219 DEBUG tn.iit.medicalfile.controller.PatientController [http-nio-9192-exec-2] Adding new Patient tn.iit.medicalfile.dto.PatientDto@2b2bb6a5
2021-01-04 16:31:20,424 DEBUG tn.iit.medicalfile.controller.FileController [http-nio-9192-exec-1] Getting all files
2021-01-04 16:31:38,342 DEBUG tn.iit.medicalfile.controller.FileController [http-nio-9192-exec-2] Getting File 1
2021-01-04 16:38:01,681 INFO org.springframework.boot.StartupInfoLogger [main] Starting MedicalFileApplication using Java 1.8.0_271 on PC-OUSSEMA with PID 291760 (/home/oussema/Documents/medical-file/target/classes started by oussema in /home/oussema/Documents/medical-file)
2021-01-04 16:38:01,684 DEBUG org.springframework.boot.StartupInfoLogger [main] Running with Spring Boot v2.4.1, Spring v5.3.2
2021-01-04 16:38:01,685 INFO org.springframework.boot.SpringApplication [main] No active profile set, falling back to default profiles: default
2021-01-04 16:38:06,241 INFO org.springframework.boot.StartupInfoLogger [main] Started MedicalFileApplication in 4.938 seconds (JVM running for 5.651)
2021-01-04 16:38:47,130 DEBUG tn.iit.medicalfile.controller.FileController [http-nio-9192-exec-10] Adding new File tn.iit.medicalfile.dto.FileDto@5ecca6ed
2021-01-04 16:39:18,712 DEBUG tn.iit.medicalfile.controller.FileController [http-nio-9192-exec-1] Getting all files
2021-01-04 16:39:54,243 DEBUG tn.iit.medicalfile.controller.FileController [http-nio-9192-exec-3] Deleting File 3
2021-01-04 16:40:08,037 DEBUG tn.iit.medicalfile.controller.FileController [http-nio-9192-exec-2] Getting File 2
2021-01-04 16:40:55,622 INFO org.springframework.boot.StartupInfoLogger [main] Starting MedicalFileApplication using Java 1.8.0_271 on PC-OUSSEMA with PID 292364 (/home/oussema/Documents/medical-file/target/classes started by oussema in /home/oussema/Documents/medical-file)
2021-01-04 16:40:55,626 DEBUG org.springframework.boot.StartupInfoLogger [main] Running with Spring Boot v2.4.1, Spring v5.3.2
2021-01-04 16:40:55,626 INFO org.springframework.boot.SpringApplication [main] No active profile set, falling back to default profiles: default
2021-01-04 16:41:00,117 INFO org.springframework.boot.StartupInfoLogger [main] Started MedicalFileApplication in 4.902 seconds (JVM running for 5.595)
2021-01-04 16:45:30,178 DEBUG tn.iit.medicalfile.controller.FileController [http-nio-9192-exec-2] Updating file 1 with tn.iit.medicalfile.dto.FileDto@6df203cd
2021-01-04 16:46:41,263 INFO org.springframework.boot.StartupInfoLogger [main] Starting MedicalFileApplication using Java 1.8.0_271 on PC-OUSSEMA with PID 293131 (/home/oussema/Documents/medical-file/target/classes started by oussema in /home/oussema/Documents/medical-file)
2021-01-04 16:46:41,267 DEBUG org.springframework.boot.StartupInfoLogger [main] Running with Spring Boot v2.4.1, Spring v5.3.2
2021-01-04 16:46:41,268 INFO org.springframework.boot.SpringApplication [main] No active profile set, falling back to default profiles: default
2021-01-04 16:46:45,981 INFO org.springframework.boot.StartupInfoLogger [main] Started MedicalFileApplication in 5.099 seconds (JVM running for 5.748)
2021-01-04 16:47:55,266 DEBUG tn.iit.medicalfile.controller.FileController [http-nio-9192-exec-1] Updating file 1 with tn.iit.medicalfile.dto.FileDto@26294fb4
2021-01-04 16:50:28,357 DEBUG tn.iit.medicalfile.controller.FileController [http-nio-9192-exec-4] Updating file 1 with tn.iit.medicalfile.dto.FileDto@5c891e92
2021-01-04 16:51:30,224 INFO org.springframework.boot.StartupInfoLogger [main] Starting MedicalFileApplication using Java 1.8.0_271 on PC-OUSSEMA with PID 293960 (/home/oussema/Documents/medical-file/target/classes started by oussema in /home/oussema/Documents/medical-file)
2021-01-04 16:51:30,229 DEBUG org.springframework.boot.StartupInfoLogger [main] Running with Spring Boot v2.4.1, Spring v5.3.2
2021-01-04 16:51:30,230 INFO org.springframework.boot.SpringApplication [main] No active profile set, falling back to default profiles: default
2021-01-04 16:51:35,245 INFO org.springframework.boot.StartupInfoLogger [main] Started MedicalFileApplication in 5.575 seconds (JVM running for 6.4)
2021-01-04 16:52:02,947 INFO org.springframework.boot.StartupInfoLogger [main] Starting MedicalFileApplication using Java 1.8.0_271 on PC-OUSSEMA with PID 294172 (/home/oussema/Documents/medical-file/target/classes started by oussema in /home/oussema/Documents/medical-file)
2021-01-04 16:52:02,950 DEBUG org.springframework.boot.StartupInfoLogger [main] Running with Spring Boot v2.4.1, Spring v5.3.2
2021-01-04 16:52:02,951 INFO org.springframework.boot.SpringApplication [main] No active profile set, falling back to default profiles: default
2021-01-04 16:52:07,433 INFO org.springframework.boot.StartupInfoLogger [main] Started MedicalFileApplication in 4.877 seconds (JVM running for 5.606)
2021-01-04 16:53:21,623 DEBUG tn.iit.medicalfile.controller.PatientController [http-nio-9192-exec-1] Adding new Patient tn.iit.medicalfile.dto.PatientDto@17bbb986
2021-01-04 16:53:32,979 DEBUG tn.iit.medicalfile.controller.PatientController [http-nio-9192-exec-2] Adding new Patient tn.iit.medicalfile.dto.PatientDto@5c55ecda
2021-01-04 16:54:17,296 DEBUG tn.iit.medicalfile.controller.FileController [http-nio-9192-exec-1] Adding new File tn.iit.medicalfile.dto.FileDto@1dbfa170
2021-01-04 16:54:24,038 DEBUG tn.iit.medicalfile.controller.FileController [http-nio-9192-exec-2] Adding new File tn.iit.medicalfile.dto.FileDto@7d457521
2021-01-04 16:55:14,835 DEBUG tn.iit.medicalfile.controller.FileController [http-nio-9192-exec-5] Adding new File tn.iit.medicalfile.dto.FileDto@569e55f2
2021-01-04 16:55:19,221 DEBUG tn.iit.medicalfile.controller.FileController [http-nio-9192-exec-4] Adding new File tn.iit.medicalfile.dto.FileDto@78b924b4
2021-01-04 16:55:54,318 DEBUG tn.iit.medicalfile.controller.FileController [http-nio-9192-exec-6] Deleting File 3
2021-01-04 16:55:58,093 DEBUG tn.iit.medicalfile.controller.FileController [http-nio-9192-exec-7] Deleting File 4
2021-01-04 16:56:08,736 DEBUG tn.iit.medicalfile.controller.FileController [http-nio-9192-exec-9] Getting File 2
2021-01-04 17:06:09,633 DEBUG tn.iit.medicalfile.controller.MedicalTreatmentController [http-nio-9192-exec-1] Adding new MedicalTreatment tn.iit.medicalfile.dto.MedicalTreatmentDto@41438e2e
2021-01-04 17:07:24,606 INFO org.springframework.boot.StartupInfoLogger [main] Starting MedicalFileApplication using Java 1.8.0_271 on PC-OUSSEMA with PID 296365 (/home/oussema/Documents/medical-file/target/classes started by oussema in /home/oussema/Documents/medical-file)
2021-01-04 17:07:24,609 DEBUG org.springframework.boot.StartupInfoLogger [main] Running with Spring Boot v2.4.1, Spring v5.3.2
2021-01-04 17:07:24,610 INFO org.springframework.boot.SpringApplication [main] No active profile set, falling back to default profiles: default
2021-01-04 17:07:29,773 INFO org.springframework.boot.StartupInfoLogger [main] Started MedicalFileApplication in 5.589 seconds (JVM running for 6.357)
2021-01-04 17:07:44,807 INFO org.springframework.boot.StartupInfoLogger [main] Starting MedicalFileApplication using Java 1.8.0_271 on PC-OUSSEMA with PID 296521 (/home/oussema/Documents/medical-file/target/classes started by oussema in /home/oussema/Documents/medical-file)
2021-01-04 17:07:44,810 DEBUG org.springframework.boot.StartupInfoLogger [main] Running with Spring Boot v2.4.1, Spring v5.3.2
2021-01-04 17:07:44,811 INFO org.springframework.boot.SpringApplication [main] No active profile set, falling back to default profiles: default
2021-01-04 17:07:49,571 INFO org.springframework.boot.StartupInfoLogger [main] Started MedicalFileApplication in 5.301 seconds (JVM running for 6.153)
2021-01-04 17:08:44,599 DEBUG tn.iit.medicalfile.controller.PatientController [http-nio-9192-exec-9] Adding new Patient tn.iit.medicalfile.dto.PatientDto@512d66e1
2021-01-04 17:08:57,776 DEBUG tn.iit.medicalfile.controller.PatientController [http-nio-9192-exec-1] Adding new Patient tn.iit.medicalfile.dto.PatientDto@63695e17
2021-01-04 17:09:26,625 DEBUG tn.iit.medicalfile.controller.FileController [http-nio-9192-exec-4] Adding new File tn.iit.medicalfile.dto.FileDto@1cdf7cd5
2021-01-04 17:09:31,219 DEBUG tn.iit.medicalfile.controller.FileController [http-nio-9192-exec-5] Adding new File tn.iit.medicalfile.dto.FileDto@74c2f2cf
2021-01-04 17:10:33,410 DEBUG tn.iit.medicalfile.controller.MedicalTreatmentController [http-nio-9192-exec-8] Adding new MedicalTreatment tn.iit.medicalfile.dto.MedicalTreatmentDto@5c7bf34
2021-01-04 17:10:57,098 DEBUG tn.iit.medicalfile.controller.MedicalTreatmentController [http-nio-9192-exec-6] Getting all files with pagination
2021-01-04 17:10:57,216 DEBUG tn.iit.medicalfile.service.StoreManagementClientService [http-nio-9192-exec-6] Getting medicine with id 1
2021-01-04 17:11:19,084 DEBUG tn.iit.medicalfile.controller.MedicalTreatmentController [http-nio-9192-exec-9] Adding new MedicalTreatment tn.iit.medicalfile.dto.MedicalTreatmentDto@60c77321
2021-01-04 17:11:56,582 DEBUG tn.iit.medicalfile.service.StoreManagementClientService [http-nio-9192-exec-10] Getting medicine with id 1
2021-01-04 17:31:09,937 DEBUG tn.iit.medicalfile.controller.MedicalTreatmentController [http-nio-9192-exec-1] Adding new MedicalTreatment tn.iit.medicalfile.dto.MedicalTreatmentDto@517960b4
2021-01-04 17:40:49,557 INFO org.springframework.boot.StartupInfoLogger [main] Starting MedicalFileApplication using Java 1.8.0_271 on PC-OUSSEMA with PID 300726 (/home/oussema/Documents/medical-file/target/classes started by oussema in /home/oussema/Documents/medical-file)
2021-01-04 17:40:49,560 DEBUG org.springframework.boot.StartupInfoLogger [main] Running with Spring Boot v2.4.1, Spring v5.3.2
2021-01-04 17:40:49,562 INFO org.springframework.boot.SpringApplication [main] No active profile set, falling back to default profiles: default
2021-01-04 17:40:54,660 INFO org.springframework.boot.StartupInfoLogger [main] Started MedicalFileApplication in 5.492 seconds (JVM running for 6.242)
2021-01-04 17:41:27,896 DEBUG tn.iit.medicalfile.controller.FileController [http-nio-9192-exec-9] Adding new File tn.iit.medicalfile.dto.FileDto@4a73c513
2021-01-04 17:41:57,566 INFO org.springframework.boot.StartupInfoLogger [main] Starting MedicalFileApplication using Java 1.8.0_271 on PC-OUSSEMA with PID 301012 (/home/oussema/Documents/medical-file/target/classes started by oussema in /home/oussema/Documents/medical-file)
2021-01-04 17:41:57,569 DEBUG org.springframework.boot.StartupInfoLogger [main] Running with Spring Boot v2.4.1, Spring v5.3.2
2021-01-04 17:41:57,570 INFO org.springframework.boot.SpringApplication [main] No active profile set, falling back to default profiles: default
2021-01-04 17:42:02,007 INFO org.springframework.boot.StartupInfoLogger [main] Started MedicalFileApplication in 4.822 seconds (JVM running for 5.459)
2021-01-04 17:42:21,406 DEBUG tn.iit.medicalfile.controller.FileController [http-nio-9192-exec-9] Adding new File tn.iit.medicalfile.dto.FileDto@6b5066c6
2021-01-04 17:43:01,447 DEBUG tn.iit.medicalfile.controller.FileController [http-nio-9192-exec-10] Getting all files
2021-01-04 17:43:13,894 DEBUG tn.iit.medicalfile.controller.FileController [http-nio-9192-exec-1] Getting all files
2021-01-04 17:53:04,418 DEBUG tn.iit.medicalfile.controller.MedicalTreatmentController [http-nio-9192-exec-2] Getting all files with pagination
2021-01-04 17:53:04,449 DEBUG tn.iit.medicalfile.service.StoreManagementClientService [http-nio-9192-exec-2] Getting medicine with id 1
2021-01-04 17:59:46,793 DEBUG tn.iit.medicalfile.controller.FileController [http-nio-9192-exec-4] Getting all files
2021-01-04 17:59:54,475 INFO org.springframework.boot.StartupInfoLogger [main] Starting MedicalFileApplication using Java 1.8.0_271 on PC-OUSSEMA with PID 303445 (/home/oussema/Documents/medical-file/target/classes started by oussema in /home/oussema/Documents/medical-file)
2021-01-04 17:59:54,479 DEBUG org.springframework.boot.StartupInfoLogger [main] Running with Spring Boot v2.4.1, Spring v5.3.2
2021-01-04 17:59:54,480 INFO org.springframework.boot.SpringApplication [main] No active profile set, falling back to default profiles: default
2021-01-04 17:59:58,724 INFO org.springframework.boot.StartupInfoLogger [main] Started MedicalFileApplication in 4.698 seconds (JVM running for 5.371)
2021-01-04 18:00:05,079 DEBUG tn.iit.medicalfile.controller.FileController [http-nio-9192-exec-9] Getting all files
2021-01-04 18:00:20,491 DEBUG tn.iit.medicalfile.controller.FileController [http-nio-9192-exec-10] Getting File 1
2021-01-04 18:00:20,508 DEBUG tn.iit.medicalfile.service.MedicalTreatmentService [http-nio-9192-exec-10] Getting All medicalTreatment By File id 1
2021-01-04 18:00:20,530 DEBUG tn.iit.medicalfile.service.StoreManagementClientService [http-nio-9192-exec-10] Getting medicines with ids [1]
2021-01-04 18:00:40,293 DEBUG tn.iit.medicalfile.controller.FileController [http-nio-9192-exec-1] Getting File 1
2021-01-04 18:00:40,300 DEBUG tn.iit.medicalfile.service.MedicalTreatmentService [http-nio-9192-exec-1] Getting All medicalTreatment By File id 1
2021-01-04 18:00:40,305 DEBUG tn.iit.medicalfile.service.StoreManagementClientService [http-nio-9192-exec-1] Getting medicines with ids [1]
2021-01-04 18:00:44,324 DEBUG tn.iit.medicalfile.controller.FileController [http-nio-9192-exec-2] Getting all files
2021-01-04 18:00:58,076 DEBUG tn.iit.medicalfile.controller.FileController [http-nio-9192-exec-4] Getting File 2
2021-01-04 18:00:58,082 DEBUG tn.iit.medicalfile.service.MedicalTreatmentService [http-nio-9192-exec-4] Getting All medicalTreatment By File id 2
2021-01-04 18:00:58,089 DEBUG tn.iit.medicalfile.service.StoreManagementClientService [http-nio-9192-exec-4] Getting medicines with ids [1, 2000]
2021-01-04 18:01:54,658 INFO org.springframework.boot.StartupInfoLogger [main] Starting MedicalFileApplication using Java 1.8.0_271 on PC-OUSSEMA with PID 304053 (/home/oussema/Documents/medical-file/target/classes started by oussema in /home/oussema/Documents/medical-file)
2021-01-04 18:01:54,663 DEBUG org.springframework.boot.StartupInfoLogger [main] Running with Spring Boot v2.4.1, Spring v5.3.2
2021-01-04 18:01:54,664 INFO org.springframework.boot.SpringApplication [main] No active profile set, falling back to default profiles: default
2021-01-04 18:01:59,563 INFO org.springframework.boot.StartupInfoLogger [main] Started MedicalFileApplication in 5.347 seconds (JVM running for 6.26)
2021-01-04 18:02:00,949 DEBUG tn.iit.medicalfile.controller.FileController [http-nio-9192-exec-1] Getting File 2
2021-01-04 18:02:01,018 DEBUG tn.iit.medicalfile.service.MedicalTreatmentService [http-nio-9192-exec-1] Getting All medicalTreatment By File id 2
2021-01-04 18:02:01,123 DEBUG tn.iit.medicalfile.service.StoreManagementClientService [http-nio-9192-exec-1] Getting medicines with ids [1, 2000]
2021-01-04 18:02:16,388 DEBUG tn.iit.medicalfile.controller.FileController [http-nio-9192-exec-2] Getting File 1
2021-01-04 18:02:16,395 DEBUG tn.iit.medicalfile.service.MedicalTreatmentService [http-nio-9192-exec-2] Getting All medicalTreatment By File id 1
2021-01-04 18:02:16,401 DEBUG tn.iit.medicalfile.service.StoreManagementClientService [http-nio-9192-exec-2] Getting medicines with ids [1]
2021-01-04 18:02:57,133 INFO org.springframework.boot.StartupInfoLogger [main] Starting MedicalFileApplication using Java 1.8.0_271 on PC-OUSSEMA with PID 304390 (/home/oussema/Documents/medical-file/target/classes started by oussema in /home/oussema/Documents/medical-file)
2021-01-04 18:02:57,137 DEBUG org.springframework.boot.StartupInfoLogger [main] Running with Spring Boot v2.4.1, Spring v5.3.2
2021-01-04 18:02:57,138 INFO org.springframework.boot.SpringApplication [main] No active profile set, falling back to default profiles: default
2021-01-04 18:03:01,618 INFO org.springframework.boot.StartupInfoLogger [main] Started MedicalFileApplication in 4.897 seconds (JVM running for 5.611)
2021-01-04 18:03:07,602 DEBUG tn.iit.medicalfile.controller.FileController [http-nio-9192-exec-1] Getting File 1
2021-01-04 18:03:07,677 DEBUG tn.iit.medicalfile.service.MedicalTreatmentService [http-nio-9192-exec-1] Getting All medicalTreatment By File id 1
2021-01-04 18:03:07,786 DEBUG tn.iit.medicalfile.service.StoreManagementClientService [http-nio-9192-exec-1] Getting medicines with ids [1]
2021-01-04 18:03:23,805 DEBUG tn.iit.medicalfile.controller.FileController [http-nio-9192-exec-2] Getting all files
2021-01-04 18:09:23,653 DEBUG tn.iit.medicalfile.controller.MedicalTreatmentController [http-nio-9192-exec-4] Getting all files with pagination
2021-01-04 18:09:23,682 DEBUG tn.iit.medicalfile.service.StoreManagementClientService [http-nio-9192-exec-4] Getting medicine with id 1
2021-01-04 18:09:23,714 DEBUG tn.iit.medicalfile.service.StoreManagementClientService [http-nio-9192-exec-4] Getting medicine with id 1
2021-01-04 18:09:23,727 DEBUG tn.iit.medicalfile.service.StoreManagementClientService [http-nio-9192-exec-4] Getting medicine with id 2000
2021-01-04 18:09:44,346 DEBUG tn.iit.medicalfile.controller.MedicalTreatmentController [http-nio-9192-exec-5] Getting all files with pagination
2021-01-04 18:09:44,366 DEBUG tn.iit.medicalfile.service.StoreManagementClientService [http-nio-9192-exec-5] Getting medicine with id 1
2021-01-04 18:09:44,375 DEBUG tn.iit.medicalfile.service.StoreManagementClientService [http-nio-9192-exec-5] Getting medicine with id 1
2021-01-04 18:09:44,382 DEBUG tn.iit.medicalfile.service.StoreManagementClientService [http-nio-9192-exec-5] Getting medicine with id 2
2021-01-04 18:10:01,866 DEBUG tn.iit.medicalfile.service.StoreManagementClientService [http-nio-9192-exec-6] Getting medicine with id 1
2021-01-04 18:10:42,995 DEBUG tn.iit.medicalfile.controller.MedicalTreatmentController [http-nio-9192-exec-7] Getting all files with pagination
2021-01-04 18:10:43,014 DEBUG tn.iit.medicalfile.service.StoreManagementClientService [http-nio-9192-exec-7] Getting medicine with id 1
2021-01-04 18:10:43,021 DEBUG tn.iit.medicalfile.service.StoreManagementClientService [http-nio-9192-exec-7] Getting medicine with id 1
2021-01-04 18:10:43,027 DEBUG tn.iit.medicalfile.service.StoreManagementClientService [http-nio-9192-exec-7] Getting medicine with id 2
2021-01-04 18:11:47,597 DEBUG tn.iit.medicalfile.controller.FileController [http-nio-9192-exec-9] Getting all files
2021-01-04 18:12:06,841 DEBUG tn.iit.medicalfile.controller.FileController [http-nio-9192-exec-10] Getting File 1
2021-01-04 18:12:06,848 DEBUG tn.iit.medicalfile.service.MedicalTreatmentService [http-nio-9192-exec-10] Getting All medicalTreatment By File id 1
2021-01-04 18:12:06,855 DEBUG tn.iit.medicalfile.service.StoreManagementClientService [http-nio-9192-exec-10] Getting medicines with ids [1]
2021-01-04 18:12:24,677 DEBUG tn.iit.medicalfile.controller.FileController [http-nio-9192-exec-1] Getting File 1
2021-01-04 18:12:24,706 DEBUG tn.iit.medicalfile.service.MedicalTreatmentService [http-nio-9192-exec-1] Getting All medicalTreatment By File id 1
2021-01-04 18:12:24,710 DEBUG tn.iit.medicalfile.service.StoreManagementClientService [http-nio-9192-exec-1] Getting medicines with ids [1]
2021-01-04 18:12:37,720 DEBUG tn.iit.medicalfile.controller.FileController [http-nio-9192-exec-10] Getting File 1
2021-01-04 18:12:37,727 DEBUG tn.iit.medicalfile.service.MedicalTreatmentService [http-nio-9192-exec-10] Getting All medicalTreatment By File id 1
2021-01-04 18:12:37,731 DEBUG tn.iit.medicalfile.service.StoreManagementClientService [http-nio-9192-exec-10] Getting medicines with ids [1]
2021-01-04 18:13:32,370 DEBUG tn.iit.medicalfile.controller.FileController [http-nio-9192-exec-2] Getting File 1
2021-01-04 18:13:32,394 DEBUG tn.iit.medicalfile.service.MedicalTreatmentService [http-nio-9192-exec-2] Getting All medicalTreatment By File id 1
2021-01-04 18:13:32,398 DEBUG tn.iit.medicalfile.service.StoreManagementClientService [http-nio-9192-exec-2] Getting medicines with ids [1]
2021-01-04 18:15:21,141 DEBUG tn.iit.medicalfile.controller.FileController [http-nio-9192-exec-3] Getting File 1
2021-01-04 18:15:21,145 DEBUG tn.iit.medicalfile.service.MedicalTreatmentService [http-nio-9192-exec-3] Getting All medicalTreatment By File id 1
2021-01-04 18:15:21,150 DEBUG tn.iit.medicalfile.service.StoreManagementClientService [http-nio-9192-exec-3] Getting medicines with ids [1]
2021-01-04 18:16:13,863 DEBUG tn.iit.medicalfile.service.StoreManagementClientService [http-nio-9192-exec-5] Getting medicine with id 1
2021-01-04 18:19:07,473 INFO org.springframework.boot.StartupInfoLogger [main] Starting MedicalFileApplication using Java 1.8.0_271 on PC-OUSSEMA with PID 306913 (/home/oussema/Documents/medical-file/target/classes started by oussema in /home/oussema/Documents/medical-file)
2021-01-04 18:19:07,476 DEBUG org.springframework.boot.StartupInfoLogger [main] Running with Spring Boot v2.4.1, Spring v5.3.2
2021-01-04 18:19:07,477 INFO org.springframework.boot.SpringApplication [main] No active profile set, falling back to default profiles: default
2021-01-04 18:19:12,191 INFO org.springframework.boot.StartupInfoLogger [main] Started MedicalFileApplication in 5.155 seconds (JVM running for 5.906)
2021-01-04 18:19:14,334 DEBUG tn.iit.medicalfile.controller.FileController [http-nio-9192-exec-1] Getting File 1
2021-01-04 18:19:14,446 DEBUG tn.iit.medicalfile.service.MedicalTreatmentService [http-nio-9192-exec-1] Getting All medicalTreatment By File id 1
2021-01-04 18:19:14,609 DEBUG tn.iit.medicalfile.service.StoreManagementClientService [http-nio-9192-exec-1] Getting medicines with ids [1]
2021-01-04 18:19:37,094 DEBUG tn.iit.medicalfile.controller.FileController [http-nio-9192-exec-2] Getting File 1
2021-01-04 18:19:37,115 DEBUG tn.iit.medicalfile.service.MedicalTreatmentService [http-nio-9192-exec-2] Getting All medicalTreatment By File id 1
2021-01-04 18:19:37,121 DEBUG tn.iit.medicalfile.service.StoreManagementClientService [http-nio-9192-exec-2] Getting medicines with ids [1]
2021-01-04 18:21:10,061 DEBUG tn.iit.medicalfile.controller.FileController [http-nio-9192-exec-3] Getting File 1
2021-01-04 18:21:10,071 DEBUG tn.iit.medicalfile.service.MedicalTreatmentService [http-nio-9192-exec-3] Getting All medicalTreatment By File id 1
2021-01-04 18:21:10,081 DEBUG tn.iit.medicalfile.service.StoreManagementClientService [http-nio-9192-exec-3] Getting medicines with ids [1]
2021-01-04 18:21:38,238 DEBUG tn.iit.medicalfile.controller.FileController [http-nio-9192-exec-4] Getting File 1
2021-01-04 18:21:38,246 DEBUG tn.iit.medicalfile.service.MedicalTreatmentService [http-nio-9192-exec-4] Getting All medicalTreatment By File id 1
2021-01-04 18:21:38,252 DEBUG tn.iit.medicalfile.service.StoreManagementClientService [http-nio-9192-exec-4] Getting medicines with ids [1]
2021-01-04 18:22:50,664 DEBUG tn.iit.medicalfile.controller.FileController [http-nio-9192-exec-5] Getting File 1
2021-01-04 18:22:50,673 DEBUG tn.iit.medicalfile.service.MedicalTreatmentService [http-nio-9192-exec-5] Getting All medicalTreatment By File id 1
2021-01-04 18:22:50,682 DEBUG tn.iit.medicalfile.service.StoreManagementClientService [http-nio-9192-exec-5] Getting medicines with ids [1]
2021-01-04 18:22:53,268 DEBUG tn.iit.medicalfile.controller.FileController [http-nio-9192-exec-6] Getting File 1
2021-01-04 18:22:53,275 DEBUG tn.iit.medicalfile.service.MedicalTreatmentService [http-nio-9192-exec-6] Getting All medicalTreatment By File id 1
2021-01-04 18:22:53,281 DEBUG tn.iit.medicalfile.service.StoreManagementClientService [http-nio-9192-exec-6] Getting medicines with ids [1]
2021-01-04 18:23:04,341 DEBUG tn.iit.medicalfile.controller.FileController [http-nio-9192-exec-5] Getting File 1
2021-01-04 18:23:04,348 DEBUG tn.iit.medicalfile.service.MedicalTreatmentService [http-nio-9192-exec-5] Getting All medicalTreatment By File id 1
2021-01-04 18:23:04,353 DEBUG tn.iit.medicalfile.service.StoreManagementClientService [http-nio-9192-exec-5] Getting medicines with ids [1]
2021-01-04 18:23:51,316 DEBUG tn.iit.medicalfile.controller.FileController [http-nio-9192-exec-6] Getting File 1
2021-01-04 18:23:51,331 DEBUG tn.iit.medicalfile.service.MedicalTreatmentService [http-nio-9192-exec-6] Getting All medicalTreatment By File id 1
2021-01-04 18:23:51,341 DEBUG tn.iit.medicalfile.service.StoreManagementClientService [http-nio-9192-exec-6] Getting medicines with ids [1]
2021-01-04 18:25:00,910 DEBUG tn.iit.medicalfile.controller.FileController [http-nio-9192-exec-1] Getting File 1
2021-01-04 18:25:00,917 DEBUG tn.iit.medicalfile.service.MedicalTreatmentService [http-nio-9192-exec-1] Getting All medicalTreatment By File id 1
2021-01-04 18:25:00,925 DEBUG tn.iit.medicalfile.service.StoreManagementClientService [http-nio-9192-exec-1] Getting medicines with ids [1]
2021-01-04 18:25:27,752 DEBUG tn.iit.medicalfile.controller.FileController [http-nio-9192-exec-6] Getting File 1
2021-01-04 18:25:27,759 DEBUG tn.iit.medicalfile.service.MedicalTreatmentService [http-nio-9192-exec-6] Getting All medicalTreatment By File id 1
2021-01-04 18:25:27,764 DEBUG tn.iit.medicalfile.service.StoreManagementClientService [http-nio-9192-exec-6] Getting medicines with ids [1]
2021-01-04 18:25:44,802 DEBUG tn.iit.medicalfile.controller.FileController [http-nio-9192-exec-9] Getting File 1
2021-01-04 18:25:44,813 DEBUG tn.iit.medicalfile.service.MedicalTreatmentService [http-nio-9192-exec-9] Getting All medicalTreatment By File id 1
2021-01-04 18:25:44,821 DEBUG tn.iit.medicalfile.service.StoreManagementClientService [http-nio-9192-exec-9] Getting medicines with ids [1]
2021-01-04 18:25:46,881 DEBUG tn.iit.medicalfile.controller.FileController [http-nio-9192-exec-3] Getting File 1
2021-01-04 18:25:46,886 DEBUG tn.iit.medicalfile.service.MedicalTreatmentService [http-nio-9192-exec-3] Getting All medicalTreatment By File id 1
2021-01-04 18:25:46,891 DEBUG tn.iit.medicalfile.service.StoreManagementClientService [http-nio-9192-exec-3] Getting medicines with ids [1]
2021-01-04 18:27:29,371 DEBUG tn.iit.medicalfile.controller.FileController [http-nio-9192-exec-10] Getting File 1
2021-01-04 18:27:29,403 DEBUG tn.iit.medicalfile.service.MedicalTreatmentService [http-nio-9192-exec-10] Getting All medicalTreatment By File id 1
2021-01-04 18:27:29,408 DEBUG tn.iit.medicalfile.service.StoreManagementClientService [http-nio-9192-exec-10] Getting medicines with ids [1]
2021-01-04 18:33:01,857 DEBUG tn.iit.medicalfile.controller.FileController [http-nio-9192-exec-7] Getting File 1
2021-01-04 18:33:01,864 DEBUG tn.iit.medicalfile.service.MedicalTreatmentService [http-nio-9192-exec-7] Getting All medicalTreatment By File id 1
2021-01-04 18:33:01,869 DEBUG tn.iit.medicalfile.service.StoreManagementClientService [http-nio-9192-exec-7] Getting medicines with ids [1]
2021-01-04 18:33:13,871 DEBUG tn.iit.medicalfile.controller.FileController [http-nio-9192-exec-10] Getting File 1
2021-01-04 18:33:13,877 DEBUG tn.iit.medicalfile.service.MedicalTreatmentService [http-nio-9192-exec-10] Getting All medicalTreatment By File id 1
2021-01-04 18:33:13,882 DEBUG tn.iit.medicalfile.service.StoreManagementClientService [http-nio-9192-exec-10] Getting medicines with ids [1]
2021-01-04 18:34:06,799 DEBUG tn.iit.medicalfile.controller.FileController [http-nio-9192-exec-8] Getting File 1
2021-01-04 18:34:06,906 DEBUG tn.iit.medicalfile.service.MedicalTreatmentService [http-nio-9192-exec-8] Getting All medicalTreatment By File id 1
2021-01-04 18:34:06,921 DEBUG tn.iit.medicalfile.service.StoreManagementClientService [http-nio-9192-exec-8] Getting medicines with ids [1]
2021-01-04 18:34:17,563 DEBUG tn.iit.medicalfile.controller.FileController [http-nio-9192-exec-7] Getting File 1
2021-01-04 18:34:17,568 DEBUG tn.iit.medicalfile.service.MedicalTreatmentService [http-nio-9192-exec-7] Getting All medicalTreatment By File id 1
2021-01-04 18:34:17,572 DEBUG tn.iit.medicalfile.service.StoreManagementClientService [http-nio-9192-exec-7] Getting medicines with ids [1]
2021-01-04 18:35:11,072 DEBUG tn.iit.medicalfile.controller.FileController [http-nio-9192-exec-1] Getting File 1
2021-01-04 18:35:11,114 DEBUG tn.iit.medicalfile.service.MedicalTreatmentService [http-nio-9192-exec-1] Getting All medicalTreatment By File id 1
2021-01-04 18:35:11,121 DEBUG tn.iit.medicalfile.service.StoreManagementClientService [http-nio-9192-exec-1] Getting medicines with ids [1]
2021-01-04 18:37:39,488 DEBUG tn.iit.medicalfile.controller.FileController [http-nio-9192-exec-4] Getting File 1
2021-01-04 18:37:39,501 DEBUG tn.iit.medicalfile.service.MedicalTreatmentService [http-nio-9192-exec-4] Getting All medicalTreatment By File id 1
2021-01-04 18:37:39,506 DEBUG tn.iit.medicalfile.service.StoreManagementClientService [http-nio-9192-exec-4] Getting medicines with ids [1]
2021-01-04 18:37:50,154 INFO org.springframework.boot.StartupInfoLogger [main] Starting MedicalFileApplication using Java 1.8.0_271 on PC-OUSSEMA with PID 309746 (/home/oussema/Documents/medical-file/target/classes started by oussema in /home/oussema/Documents/medical-file)
2021-01-04 18:37:50,159 DEBUG org.springframework.boot.StartupInfoLogger [main] Running with Spring Boot v2.4.1, Spring v5.3.2
2021-01-04 18:37:50,160 INFO org.springframework.boot.SpringApplication [main] No active profile set, falling back to default profiles: default
2021-01-04 18:37:55,296 INFO org.springframework.boot.StartupInfoLogger [main] Started MedicalFileApplication in 5.625 seconds (JVM running for 6.47)
2021-01-04 18:37:58,101 DEBUG tn.iit.medicalfile.controller.FileController [http-nio-9192-exec-1] Getting File 1
2021-01-04 18:37:58,207 DEBUG tn.iit.medicalfile.service.MedicalTreatmentService [http-nio-9192-exec-1] Getting All medicalTreatment By File id 1
2021-01-04 18:37:58,382 DEBUG tn.iit.medicalfile.service.StoreManagementClientService [http-nio-9192-exec-1] Getting medicines with ids [1]
2021-01-04 18:39:12,255 DEBUG tn.iit.medicalfile.controller.FileController [http-nio-9192-exec-3] Getting all files
2021-01-04 18:39:24,738 DEBUG tn.iit.medicalfile.controller.MedicalTreatmentController [http-nio-9192-exec-4] Getting all files with pagination
2021-01-04 18:39:24,767 DEBUG tn.iit.medicalfile.service.StoreManagementClientService [http-nio-9192-exec-4] Getting medicine with id 1
2021-01-04 18:39:24,781 DEBUG tn.iit.medicalfile.service.StoreManagementClientService [http-nio-9192-exec-4] Getting medicine with id 1
2021-01-04 18:39:24,790 DEBUG tn.iit.medicalfile.service.StoreManagementClientService [http-nio-9192-exec-4] Getting medicine with id 2
2021-01-04 18:39:45,757 DEBUG tn.iit.medicalfile.service.StoreManagementClientService [http-nio-9192-exec-5] Getting medicine with id 1
2021-01-04 18:39:51,466 DEBUG tn.iit.medicalfile.service.StoreManagementClientService [http-nio-9192-exec-6] Getting medicine with id 1
2021-01-04 18:40:14,342 DEBUG tn.iit.medicalfile.controller.MedicalTreatmentController [http-nio-9192-exec-7] Getting all files with pagination
2021-01-04 18:40:14,399 DEBUG tn.iit.medicalfile.service.StoreManagementClientService [http-nio-9192-exec-7] Getting medicine with id 1
2021-01-04 18:40:14,413 DEBUG tn.iit.medicalfile.service.StoreManagementClientService [http-nio-9192-exec-7] Getting medicine with id 1
2021-01-04 18:40:14,419 DEBUG tn.iit.medicalfile.service.StoreManagementClientService [http-nio-9192-exec-7] Getting medicine with id 2
2021-01-04 18:40:27,014 DEBUG tn.iit.medicalfile.controller.PatientController [http-nio-9192-exec-9] Getting all Patients
2021-01-04 18:40:35,687 DEBUG tn.iit.medicalfile.controller.PatientController [http-nio-9192-exec-10] Getting patient 1
2021-01-04 18:41:43,150 DEBUG tn.iit.medicalfile.controller.MedicalTreatmentController [http-nio-9192-exec-9] Getting all files with pagination
2021-01-04 18:41:43,168 DEBUG tn.iit.medicalfile.service.StoreManagementClientService [http-nio-9192-exec-9] Getting medicine with id 1
2021-01-04 18:41:43,174 DEBUG tn.iit.medicalfile.service.StoreManagementClientService [http-nio-9192-exec-9] Getting medicine with id 1
2021-01-04 18:41:43,181 DEBUG tn.iit.medicalfile.service.StoreManagementClientService [http-nio-9192-exec-9] Getting medicine with id 2
2021-01-04 18:42:26,020 DEBUG tn.iit.medicalfile.service.StoreManagementClientService [http-nio-9192-exec-10] Getting medicine with id 1
2021-01-04 18:42:52,735 DEBUG tn.iit.medicalfile.controller.FileController [http-nio-9192-exec-3] Getting all files
2021-01-04 18:45:50,671 INFO org.springframework.boot.StartupInfoLogger [main] Starting MedicalFileApplication using Java 1.8.0_271 on PC-OUSSEMA with PID 310986 (/home/oussema/Documents/medical-file/target/classes started by oussema in /home/oussema/Documents/medical-file)
2021-01-04 18:45:50,675 DEBUG org.springframework.boot.StartupInfoLogger [main] Running with Spring Boot v2.4.1, Spring v5.3.2
2021-01-04 18:45:50,676 INFO org.springframework.boot.SpringApplication [main] No active profile set, falling back to default profiles: default
2021-01-04 18:45:55,423 INFO org.springframework.boot.StartupInfoLogger [main] Started MedicalFileApplication in 5.248 seconds (JVM running for 6.064)
2021-01-04 18:47:35,758 DEBUG tn.iit.medicalfile.controller.FileController [http-nio-9192-exec-2] Adding new File tn.iit.medicalfile.dto.FileDto@2749c37b
2021-01-04 18:47:53,319 DEBUG tn.iit.medicalfile.controller.FileController [http-nio-9192-exec-3] Getting all files
2021-01-04 19:06:28,043 DEBUG tn.iit.medicalfile.controller.FileController [http-nio-9192-exec-5] Getting all files
2021-01-04 19:07:12,408 DEBUG tn.iit.medicalfile.controller.FileController [http-nio-9192-exec-6] Adding new File tn.iit.medicalfile.dto.FileDto@62f6d064
2021-01-04 19:07:18,917 DEBUG tn.iit.medicalfile.controller.FileController [http-nio-9192-exec-7] Getting all files
2021-01-04 19:15:54,058 INFO org.springframework.boot.StartupInfoLogger [main] Starting MedicalFileApplication using Java 1.8.0_271 on PC-OUSSEMA with PID 314565 (/home/oussema/Documents/medical-file/target/classes started by oussema in /home/oussema/Documents/medical-file)
2021-01-04 19:15:54,062 DEBUG org.springframework.boot.StartupInfoLogger [main] Running with Spring Boot v2.4.1, Spring v5.3.2
2021-01-04 19:15:54,064 INFO org.springframework.boot.SpringApplication [main] No active profile set, falling back to default profiles: default
2021-01-04 19:15:58,501 INFO org.springframework.boot.StartupInfoLogger [main] Started MedicalFileApplication in 5.155 seconds (JVM running for 6.134)
2021-01-04 19:16:06,934 DEBUG tn.iit.medicalfile.controller.FileController [http-nio-9192-exec-1] Getting all files
2021-01-04 19:17:34,708 DEBUG tn.iit.medicalfile.controller.FileController [http-nio-9192-exec-2] Getting all files
2021-01-04 19:18:53,435 DEBUG tn.iit.medicalfile.controller.FileController [http-nio-9192-exec-3] Getting all files
2021-01-04 19:19:14,893 DEBUG tn.iit.medicalfile.controller.FileController [http-nio-9192-exec-2] Getting all files
2021-01-04 19:19:33,260 INFO org.springframework.boot.StartupInfoLogger [main] Starting MedicalFileApplication using Java 1.8.0_271 on PC-OUSSEMA with PID 315334 (/home/oussema/Documents/medical-file/target/classes started by oussema in /home/oussema/Documents/medical-file)
2021-01-04 19:19:33,265 DEBUG org.springframework.boot.StartupInfoLogger [main] Running with Spring Boot v2.4.1, Spring v5.3.2
2021-01-04 19:19:33,266 INFO org.springframework.boot.SpringApplication [main] No active profile set, falling back to default profiles: default
2021-01-04 19:19:37,964 INFO org.springframework.boot.StartupInfoLogger [main] Started MedicalFileApplication in 5.095 seconds (JVM running for 5.809)
2021-01-04 19:19:42,406 DEBUG tn.iit.medicalfile.controller.FileController [http-nio-9192-exec-1] Getting all files
2021-01-04 19:21:29,652 INFO org.springframework.boot.StartupInfoLogger [main] Starting MedicalFileApplication using Java 1.8.0_271 on PC-OUSSEMA with PID 315729 (/home/oussema/Documents/medical-file/target/classes started by oussema in /home/oussema/Documents/medical-file)
2021-01-04 19:21:29,655 DEBUG org.springframework.boot.StartupInfoLogger [main] Running with Spring Boot v2.4.1, Spring v5.3.2
2021-01-04 19:21:29,656 INFO org.springframework.boot.SpringApplication [main] No active profile set, falling back to default profiles: default
2021-01-04 19:26:33,033 INFO org.springframework.boot.StartupInfoLogger [main] Starting MedicalFileApplication using Java 1.8.0_271 on PC-OUSSEMA with PID 316374 (/home/oussema/Documents/medical-file/target/classes started by oussema in /home/oussema/Documents/medical-file)
2021-01-04 19:26:33,037 DEBUG org.springframework.boot.StartupInfoLogger [main] Running with Spring Boot v2.4.1, Spring v5.3.2
2021-01-04 19:26:33,038 INFO org.springframework.boot.SpringApplication [main] No active profile set, falling back to default profiles: default
2021-01-04 19:30:11,570 INFO org.springframework.boot.StartupInfoLogger [main] Starting MedicalFileApplication using Java 1.8.0_271 on PC-OUSSEMA with PID 317076 (/home/oussema/Documents/medical-file/target/classes started by oussema in /home/oussema/Documents/medical-file)
2021-01-04 19:30:11,572 DEBUG org.springframework.boot.StartupInfoLogger [main] Running with Spring Boot v2.4.1, Spring v5.3.2
2021-01-04 19:30:11,573 INFO org.springframework.boot.SpringApplication [main] No active profile set, falling back to default profiles: default
2021-01-04 19:30:31,671 INFO org.springframework.boot.StartupInfoLogger [main] Starting MedicalFileApplication using Java 1.8.0_271 on PC-OUSSEMA with PID 317223 (/home/oussema/Documents/medical-file/target/classes started by oussema in /home/oussema/Documents/medical-file)
2021-01-04 19:30:31,674 DEBUG org.springframework.boot.StartupInfoLogger [main] Running with Spring Boot v2.4.1, Spring v5.3.2
2021-01-04 19:30:31,675 INFO org.springframework.boot.SpringApplication [main] No active profile set, falling back to default profiles: default
2021-01-04 19:30:36,148 INFO org.springframework.boot.StartupInfoLogger [main] Started MedicalFileApplication in 4.878 seconds (JVM running for 5.58)
2021-01-04 19:30:55,594 DEBUG tn.iit.medicalfile.controller.FileController [http-nio-9192-exec-1] Getting all files
2021-01-04 19:31:14,188 DEBUG tn.iit.medicalfile.controller.FileController [http-nio-9192-exec-2] Getting File 1
2021-01-04 19:31:44,698 DEBUG tn.iit.medicalfile.controller.FileController [http-nio-9192-exec-3] Getting File 3
2021-01-04 19:31:44,717 DEBUG tn.iit.medicalfile.service.MedicalTreatmentService [http-nio-9192-exec-3] Getting All medicalTreatment By File id 3
2021-01-04 19:31:44,751 DEBUG tn.iit.medicalfile.service.StoreManagementClientService [http-nio-9192-exec-3] Getting medicines with ids []
2021-01-04 19:35:03,733 INFO org.springframework.boot.StartupInfoLogger [main] Starting MedicalFileApplication using Java 1.8.0_271 on PC-OUSSEMA with PID 318115 (/home/oussema/Documents/medical-file/target/classes started by oussema in /home/oussema/Documents/medical-file)
2021-01-04 19:35:03,736 DEBUG org.springframework.boot.StartupInfoLogger [main] Running with Spring Boot v2.4.1, Spring v5.3.2
2021-01-04 19:35:03,738 INFO org.springframework.boot.SpringApplication [main] No active profile set, falling back to default profiles: default
2021-01-04 19:35:08,820 INFO org.springframework.boot.StartupInfoLogger [main] Started MedicalFileApplication in 5.491 seconds (JVM running for 6.214)
2021-01-04 19:35:22,132 INFO org.springframework.boot.StartupInfoLogger [main] Starting MedicalFileApplication using Java 1.8.0_271 on PC-OUSSEMA with PID 318398 (/home/oussema/Documents/medical-file/target/classes started by oussema in /home/oussema/Documents/medical-file)
2021-01-04 19:35:22,136 DEBUG org.springframework.boot.StartupInfoLogger [main] Running with Spring Boot v2.4.1, Spring v5.3.2
2021-01-04 19:35:22,137 INFO org.springframework.boot.SpringApplication [main] No active profile set, falling back to default profiles: default
2021-01-04 19:35:26,550 INFO org.springframework.boot.StartupInfoLogger [main] Started MedicalFileApplication in 4.827 seconds (JVM running for 5.55)
2021-01-04 19:35:38,661 DEBUG tn.iit.medicalfile.controller.FileController [http-nio-9192-exec-1] Getting all files
2021-01-04 19:35:52,264 DEBUG tn.iit.medicalfile.controller.FileController [http-nio-9192-exec-2] Getting File 3
2021-01-04 19:35:52,283 DEBUG tn.iit.medicalfile.service.MedicalTreatmentService [http-nio-9192-exec-2] Getting All medicalTreatment By File id 3
2021-01-04 19:35:52,304 DEBUG tn.iit.medicalfile.service.StoreManagementClientService [http-nio-9192-exec-2] Getting medicines with ids []
2021-01-04 19:44:41,958 DEBUG tn.iit.medicalfile.controller.FileController [http-nio-9192-exec-2] Getting all files
2021-01-04 19:46:54,498 INFO org.springframework.boot.StartupInfoLogger [main] Starting MedicalFileApplication using Java 1.8.0_271 on PC-OUSSEMA with PID 320010 (/home/oussema/Documents/medical-file/target/classes started by oussema in /home/oussema/Documents/medical-file)
2021-01-04 19:46:54,502 DEBUG org.springframework.boot.StartupInfoLogger [main] Running with Spring Boot v2.4.1, Spring v5.3.2
2021-01-04 19:46:54,503 INFO org.springframework.boot.SpringApplication [main] No active profile set, falling back to default profiles: default
2021-01-04 19:46:58,835 INFO org.springframework.boot.StartupInfoLogger [main] Started MedicalFileApplication in 4.738 seconds (JVM running for 5.408)
2021-01-04 19:47:08,370 DEBUG tn.iit.medicalfile.controller.FileController [http-nio-9192-exec-9] Getting File 4
2021-01-04 19:47:08,442 DEBUG tn.iit.medicalfile.service.MedicalTreatmentService [http-nio-9192-exec-9] Getting All medicalTreatment By File id 4
2021-01-04 19:47:08,546 DEBUG tn.iit.medicalfile.service.StoreManagementClientService [http-nio-9192-exec-9] Getting medicines with ids []
2021-01-04 19:48:40,201 INFO org.springframework.boot.StartupInfoLogger [main] Starting MedicalFileApplication using Java 1.8.0_271 on PC-OUSSEMA with PID 320343 (/home/oussema/Documents/medical-file/target/classes started by oussema in /home/oussema/Documents/medical-file)
2021-01-04 19:48:40,203 DEBUG org.springframework.boot.StartupInfoLogger [main] Running with Spring Boot v2.4.1, Spring v5.3.2
2021-01-04 19:48:40,204 INFO org.springframework.boot.SpringApplication [main] No active profile set, falling back to default profiles: default
2021-01-04 19:48:44,909 INFO org.springframework.boot.StartupInfoLogger [main] Started MedicalFileApplication in 5.101 seconds (JVM running for 5.814)
2021-01-04 19:49:20,408 DEBUG tn.iit.medicalfile.controller.PatientController [http-nio-9192-exec-1] Adding new Patient tn.iit.medicalfile.dto.PatientDto@2120996b
2021-01-04 19:49:37,034 DEBUG tn.iit.medicalfile.controller.PatientController [http-nio-9192-exec-2] Adding new Patient tn.iit.medicalfile.dto.PatientDto@781ce548
2021-01-04 19:49:47,756 DEBUG tn.iit.medicalfile.controller.PatientController [http-nio-9192-exec-3] Getting all Patients
2021-01-04 19:50:53,489 DEBUG tn.iit.medicalfile.controller.FileController [http-nio-9192-exec-5] Adding new File tn.iit.medicalfile.dto.FileDto@1e232d83
2021-01-04 19:51:04,431 DEBUG tn.iit.medicalfile.controller.FileController [http-nio-9192-exec-6] Adding new File tn.iit.medicalfile.dto.FileDto@6df03a6
2021-01-04 19:52:18,801 DEBUG tn.iit.medicalfile.controller.MedicalTreatmentController [http-nio-9192-exec-8] Adding new MedicalTreatment tn.iit.medicalfile.dto.MedicalTreatmentDto@2bed7fa5
2021-01-04 19:52:41,465 DEBUG tn.iit.medicalfile.controller.MedicalTreatmentController [http-nio-9192-exec-9] Adding new MedicalTreatment tn.iit.medicalfile.dto.MedicalTreatmentDto@62fd209f
2021-01-04 19:52:55,799 DEBUG tn.iit.medicalfile.controller.MedicalTreatmentController [http-nio-9192-exec-10] Getting all files with pagination
2021-01-04 19:52:55,841 DEBUG tn.iit.medicalfile.service.StoreManagementClientService [http-nio-9192-exec-10] Getting medicine with id 1
2021-01-04 19:52:55,879 DEBUG tn.iit.medicalfile.service.StoreManagementClientService [http-nio-9192-exec-10] Getting medicine with id 2
2021-01-04 19:53:33,312 DEBUG tn.iit.medicalfile.service.StoreManagementClientService [http-nio-9192-exec-1] Getting medicine with id 1
2021-01-04 19:54:27,561 DEBUG tn.iit.medicalfile.controller.FileController [http-nio-9192-exec-2] Getting all files
2021-01-04 19:54:35,189 DEBUG tn.iit.medicalfile.controller.FileController [http-nio-9192-exec-3] Getting File 1
2021-01-04 19:54:35,196 DEBUG tn.iit.medicalfile.service.MedicalTreatmentService [http-nio-9192-exec-3] Getting All medicalTreatment By File id 1
2021-01-04 19:54:35,217 DEBUG tn.iit.medicalfile.service.StoreManagementClientService [http-nio-9192-exec-3] Getting medicines with ids [1, 2]
2021-01-04 19:55:44,728 DEBUG tn.iit.medicalfile.controller.FileController [http-nio-9192-exec-5] Getting File 2
2021-01-04 19:55:44,734 DEBUG tn.iit.medicalfile.service.MedicalTreatmentService [http-nio-9192-exec-5] Getting All medicalTreatment By File id 2
2021-01-04 19:55:44,738 DEBUG tn.iit.medicalfile.service.StoreManagementClientService [http-nio-9192-exec-5] Getting medicines with ids []
2021-01-04 19:55:55,900 DEBUG tn.iit.medicalfile.controller.FileController [http-nio-9192-exec-6] Getting File 1
2021-01-04 19:55:55,905 DEBUG tn.iit.medicalfile.service.MedicalTreatmentService [http-nio-9192-exec-6] Getting All medicalTreatment By File id 1
2021-01-04 19:55:55,911 DEBUG tn.iit.medicalfile.service.StoreManagementClientService [http-nio-9192-exec-6] Getting medicines with ids [1, 2]
2021-01-04 19:59:34,064 DEBUG tn.iit.medicalfile.controller.MedicalTreatmentController [http-nio-9192-exec-8] Adding new MedicalTreatment tn.iit.medicalfile.dto.MedicalTreatmentDto@65108e20
2021-01-04 19:59:46,406 DEBUG tn.iit.medicalfile.service.StoreManagementClientService [http-nio-9192-exec-9] Getting medicine with id 2
2021-01-04 19:59:57,580 DEBUG tn.iit.medicalfile.service.StoreManagementClientService [http-nio-9192-exec-10] Getting medicine with id 1
2021-01-04 20:00:14,913 DEBUG tn.iit.medicalfile.controller.FileController [http-nio-9192-exec-1] Getting File 2
2021-01-04 20:00:14,928 DEBUG tn.iit.medicalfile.service.MedicalTreatmentService [http-nio-9192-exec-1] Getting All medicalTreatment By File id 2
2021-01-04 20:00:14,936 DEBUG tn.iit.medicalfile.service.StoreManagementClientService [http-nio-9192-exec-1] Getting medicines with ids [2]
